{
  "stats": {
    "suites": 3,
    "tests": 2,
    "passes": 2,
    "pending": 0,
    "failures": 0,
    "start": "2026-06-11T18:27:13.599Z",
    "end": "2026-06-11T18:27:17.463Z",
    "duration": 3864,
    "testsRegistered": 2,
    "passPercent": 100,
    "pendingPercent": 0,
    "other": 0,
    "hasOther": false,
    "skipped": 0,
    "hasSkipped": false
  },
  "results": [
    {
      "uuid": "00daf950-fd06-4e04-8cbb-4789dd7db067",
      "title": "",
      "fullFile": "cypress\\e2e\\smoke\\001_login_page.cy.js",
      "file": "cypress\\e2e\\smoke\\001_login_page.cy.js",
      "beforeHooks": [],
      "afterHooks": [],
      "tests": [],
      "suites": [
        {
          "uuid": "f12bb7c4-acf6-4c10-a7ca-7b0801919c1d",
          "title": "TC001 Login Page",
          "fullFile": "",
          "file": "",
          "beforeHooks": [],
          "afterHooks": [],
          "tests": [],
          "suites": [
            {
              "uuid": "1ad65ef5-5477-4080-949e-d28571468f52",
              "title": "TC001.01 Login with valid credentials",
              "fullFile": "",
              "file": "",
              "beforeHooks": [],
              "afterHooks": [],
              "tests": [
                {
                  "title": "should login successfully",
                  "fullTitle": "TC001 Login Page TC001.01 Login with valid credentials should login successfully",
                  "timedOut": null,
                  "duration": 2686,
                  "state": "passed",
                  "speed": "fast",
                  "pass": true,
                  "fail": false,
                  "pending": false,
                  "context": null,
                  "code": "_loginActions.default.fillLoginForm(\"standard_user\", \"secret_sauce\");\n_loginActions.default.clickLoginButton();\ncy.url().should('include', '/inventory.html');",
                  "err": {},
                  "uuid": "b12e0928-be60-454a-8039-071e54efa636",
                  "parentUUID": "1ad65ef5-5477-4080-949e-d28571468f52",
                  "isHook": false,
                  "skipped": false
                }
              ],
              "suites": [],
              "passes": [
                "b12e0928-be60-454a-8039-071e54efa636"
              ],
              "failures": [],
              "pending": [],
              "skipped": [],
              "duration": 2686,
              "root": false,
              "rootEmpty": false,
              "_timeout": 2000
            },
            {
              "uuid": "9eacdb12-c4a7-419d-86f8-81e92b923117",
              "title": "TC001.02 Login with invalid credentials",
              "fullFile": "",
              "file": "",
              "beforeHooks": [],
              "afterHooks": [],
              "tests": [
                {
                  "title": "should display an error message with invalid credentials",
                  "fullTitle": "TC001 Login Page TC001.02 Login with invalid credentials should display an error message with invalid credentials",
                  "timedOut": null,
                  "duration": 1013,
                  "state": "passed",
                  "speed": "fast",
                  "pass": true,
                  "fail": false,
                  "pending": false,
                  "context": null,
                  "code": "// Fill in the login form with invalid credentials\n_loginActions.default.fillLoginForm(\"invalid_user\", \"invalid_password\");\n_loginActions.default.clickLoginButton();\ncy.get(\"[data-test='error']\").should(\"be.visible\").and(\"contain\", \"Epic sadface: Username and password do not match any user in this service\");",
                  "err": {},
                  "uuid": "66d14e1d-d5bd-4d49-beba-6b57bbea2744",
                  "parentUUID": "9eacdb12-c4a7-419d-86f8-81e92b923117",
                  "isHook": false,
                  "skipped": false
                }
              ],
              "suites": [],
              "passes": [
                "66d14e1d-d5bd-4d49-beba-6b57bbea2744"
              ],
              "failures": [],
              "pending": [],
              "skipped": [],
              "duration": 1013,
              "root": false,
              "rootEmpty": false,
              "_timeout": 2000
            }
          ],
          "passes": [],
          "failures": [],
          "pending": [],
          "skipped": [],
          "duration": 0,
          "root": false,
          "rootEmpty": false,
          "_timeout": 2000
        }
      ],
      "passes": [],
      "failures": [],
      "pending": [],
      "skipped": [],
      "duration": 0,
      "root": true,
      "rootEmpty": true,
      "_timeout": 2000
    }
  ],
  "meta": {
    "mocha": {
      "version": "7.2.0"
    },
    "mochawesome": {
      "options": {
        "quiet": false,
        "reportFilename": "mochawesome",
        "saveHtml": false,
        "saveJson": true,
        "consoleReporter": "spec",
        "useInlineDiffs": false,
        "code": true
      },
      "version": "7.1.4"
    },
    "marge": {
      "options": {
        "id": "default",
        "reportDir": "cypress/reports/mochawesome",
        "overwrite": false,
        "html": false,
        "json": true
      },
      "version": "6.3.2"
    }
  }
}